2025-07-28 08:55:23 info: Congratulations, your extension "Embold" is now active!
2025-07-28 08:55:23 info: ************* init ****************
2025-07-28 08:55:23 info: tempDirectory : /Users/davidstinnett/.vscode/extensions/embold-vscode.embold-0.3.1/temp
2025-07-28 08:55:25 info: Extraction complete for source: /Users/davidstinnett/.vscode/extensions/embold-vscode.embold-0.3.1/resources/embold-scanner-archive.zip, destination: /Users/davidstinnett/.vscode/extensions/embold-vscode.embold-0.3.1/temp
2025-07-28 08:55:25 info: Extension installed on machine OS : darwin
2025-07-28 08:55:25 info: Fetched the issues from DB
2025-07-28 08:55:25 info: Java version installed on machine : 
openjdk version "21.0.3" 2024-04-16 LTS
IBM Semeru Runtime Open Edition 21.0.3.0 (build 21.0.3+9-LTS)
Eclipse OpenJ9 VM 21.0.3.0 (build openj9-0.44.0, JRE 21 Mac OS X aarch64-64-Bit 20240416_179 (JIT enabled, AOT enabled)
OpenJ9   - b0699311c7
OMR      - 254af5a04
JCL      - ac8f341bc20 based on jdk-21.0.3+9)

2025-07-28 08:55:25 info: Java installed on machine.
2025-07-28 08:55:25 info: Embold extension version response:{"hasSupport":false,"version":"0.2.1","changeNotes":"<div> <p>Release Date: 30 Apr, 2025 <br><span>Bug fixes and improvements.</span></p> </div>"}
2025-07-28 08:55:25 info: Current installed embold extension version : 0.3.1
2025-07-28 08:55:25 info: Latest embold extension version on marketplace : 0.2.1
2025-07-28 08:55:25 info: Current extension version: 0.3.1
2025-07-28 08:55:25 info: Stored extension version: 0.3.1
2025-07-28 08:55:25 info: No new installation or upgrade detected. Skipping plugin activation tracking.
2025-07-28 09:06:43 info: Row(s) deleted
2025-07-28 09:06:59 info: Row(s) deleted
2025-07-28 09:06:59 info: Row(s) deleted
2025-07-28 09:07:04 info: Row(s) deleted
2025-07-28 12:56:04 info: Congratulations, your extension "Embold" is now active!
2025-07-28 12:56:04 info: ************* init ****************
2025-07-28 12:56:04 info: tempDirectory : /Users/davidstinnett/.vscode/extensions/embold-vscode.embold-0.3.1/temp
2025-07-28 12:56:06 info: Extraction complete for source: /Users/davidstinnett/.vscode/extensions/embold-vscode.embold-0.3.1/resources/embold-scanner-archive.zip, destination: /Users/davidstinnett/.vscode/extensions/embold-vscode.embold-0.3.1/temp
2025-07-28 12:56:06 info: Extension installed on machine OS : darwin
2025-07-28 12:56:06 info: Fetched the issues from DB
2025-07-28 12:56:06 info: Java version installed on machine : 
openjdk version "21.0.3" 2024-04-16 LTS
IBM Semeru Runtime Open Edition 21.0.3.0 (build 21.0.3+9-LTS)
Eclipse OpenJ9 VM 21.0.3.0 (build openj9-0.44.0, JRE 21 Mac OS X aarch64-64-Bit 20240416_179 (JIT enabled, AOT enabled)
OpenJ9   - b0699311c7
OMR      - 254af5a04
JCL      - ac8f341bc20 based on jdk-21.0.3+9)

2025-07-28 12:56:06 info: Java installed on machine.
2025-07-28 12:56:06 info: Embold extension version response:{"hasSupport":false,"version":"0.2.1","changeNotes":"<div> <p>Release Date: 30 Apr, 2025 <br><span>Bug fixes and improvements.</span></p> </div>"}
2025-07-28 12:56:06 info: Current installed embold extension version : 0.3.1
2025-07-28 12:56:06 info: Latest embold extension version on marketplace : 0.2.1
2025-07-28 12:56:06 info: Current extension version: 0.3.1
2025-07-28 12:56:06 info: Stored extension version: 0.3.1
2025-07-28 12:56:06 info: No new installation or upgrade detected. Skipping plugin activation tracking.
2025-07-28 12:57:33 info: Congratulations, your extension "Embold" is now active!
2025-07-28 12:57:33 info: ************* init ****************
2025-07-28 12:57:33 info: tempDirectory : /Users/davidstinnett/.vscode/extensions/embold-vscode.embold-0.3.1/temp
2025-07-28 12:57:34 info: Extraction complete for source: /Users/davidstinnett/.vscode/extensions/embold-vscode.embold-0.3.1/resources/embold-scanner-archive.zip, destination: /Users/davidstinnett/.vscode/extensions/embold-vscode.embold-0.3.1/temp
2025-07-28 12:57:34 info: Extension installed on machine OS : darwin
2025-07-28 12:57:34 info: Fetched the issues from DB
2025-07-28 12:57:35 info: Java version installed on machine : 
openjdk version "21.0.3" 2024-04-16 LTS
IBM Semeru Runtime Open Edition 21.0.3.0 (build 21.0.3+9-LTS)
Eclipse OpenJ9 VM 21.0.3.0 (build openj9-0.44.0, JRE 21 Mac OS X aarch64-64-Bit 20240416_179 (JIT enabled, AOT enabled)
OpenJ9   - b0699311c7
OMR      - 254af5a04
JCL      - ac8f341bc20 based on jdk-21.0.3+9)

2025-07-28 12:57:35 info: Java installed on machine.
2025-07-28 12:57:35 info: Embold extension version response:{"hasSupport":false,"version":"0.2.1","changeNotes":"<div> <p>Release Date: 30 Apr, 2025 <br><span>Bug fixes and improvements.</span></p> </div>"}
2025-07-28 12:57:35 info: Current installed embold extension version : 0.3.1
2025-07-28 12:57:35 info: Latest embold extension version on marketplace : 0.2.1
2025-07-28 12:57:35 info: Current extension version: 0.3.1
2025-07-28 12:57:35 info: Stored extension version: 0.3.1
2025-07-28 12:57:35 info: No new installation or upgrade detected. Skipping plugin activation tracking.
2025-07-28 13:10:31 info: Congratulations, your extension "Embold" is now active!
2025-07-28 13:10:31 info: ************* init ****************
2025-07-28 13:10:31 info: tempDirectory : /Users/davidstinnett/.vscode/extensions/embold-vscode.embold-0.3.1/temp
2025-07-28 13:10:32 info: Extraction complete for source: /Users/davidstinnett/.vscode/extensions/embold-vscode.embold-0.3.1/resources/embold-scanner-archive.zip, destination: /Users/davidstinnett/.vscode/extensions/embold-vscode.embold-0.3.1/temp
2025-07-28 13:10:32 info: Extension installed on machine OS : darwin
2025-07-28 13:10:32 info: Fetched the issues from DB
2025-07-28 13:10:33 info: Java version installed on machine : 
openjdk version "21.0.3" 2024-04-16 LTS
IBM Semeru Runtime Open Edition 21.0.3.0 (build 21.0.3+9-LTS)
Eclipse OpenJ9 VM 21.0.3.0 (build openj9-0.44.0, JRE 21 Mac OS X aarch64-64-Bit 20240416_179 (JIT enabled, AOT enabled)
OpenJ9   - b0699311c7
OMR      - 254af5a04
JCL      - ac8f341bc20 based on jdk-21.0.3+9)

2025-07-28 13:10:33 info: Java installed on machine.
2025-07-28 13:10:33 info: Embold extension version response:{"hasSupport":false,"version":"0.2.1","changeNotes":"<div> <p>Release Date: 30 Apr, 2025 <br><span>Bug fixes and improvements.</span></p> </div>"}
2025-07-28 13:10:33 info: Current installed embold extension version : 0.3.1
2025-07-28 13:10:33 info: Latest embold extension version on marketplace : 0.2.1
2025-07-28 13:10:33 info: Current extension version: 0.3.1
2025-07-28 13:10:33 info: Stored extension version: 0.3.1
2025-07-28 13:10:33 info: No new installation or upgrade detected. Skipping plugin activation tracking.
2025-07-28 15:57:54 info: Row(s) deleted
2025-07-28 15:58:18 info: Row(s) deleted
2025-07-28 15:58:18 info: Row(s) deleted
2025-07-28 15:58:21 info: Row(s) deleted
2025-07-28 15:59:09 info: Row(s) deleted
2025-07-28 16:00:46 info: Row(s) deleted
2025-07-28 16:02:05 info: Row(s) deleted
2025-07-28 16:04:23 info: Row(s) deleted
2025-07-28 16:07:20 info: Row(s) deleted
2025-07-28 16:10:15 info: Row(s) deleted
2025-07-28 16:13:47 info: Row(s) deleted
2025-07-28 16:25:45 info: Row(s) deleted
